<?xml version="1.0" encoding="UTF-8"?>
<!-- Generated by org.testng.reporters.JUnitReportReporter -->
<testsuite hostname="PL-IN-PF4G374T" failures="0" tests="4" name="Automation.qa.GroupTestCase" time="0.017" errors="0" timestamp="2024-05-29T16:22:58 IST" skipped="0">
  <testcase classname="Automation.qa.GroupTestCase" name="test4" time="0.002"/>
  <system-out/>
  <testcase classname="Automation.qa.GroupTestCase" name="test3" time="0.013"/>
  <system-out/>
  <testcase classname="Automation.qa.GroupTestCase" name="test1" time="0.001"/>
  <system-out/>
  <testcase classname="Automation.qa.GroupTestCase" name="test2" time="0.001"/>
  <system-out/>
</testsuite> <!-- Automation.qa.GroupTestCase -->
