<?xml version="1.0" encoding="UTF-8"?>
<!-- Generated by org.testng.reporters.JUnitReportReporter -->
<testsuite hostname="PL-IN-PF4G374T" failures="0" tests="3" name="Automation.qa.SkipTestCase" time="0.008" errors="0" timestamp="2024-06-03T11:46:43 IST" skipped="2">
  <testcase classname="Automation.qa.SkipTestCase" name="skipTest2" time="0.007">
    <skipped/>
  </testcase> <!-- skipTest2 -->
  <system-out/>
  <testcase classname="Automation.qa.SkipTestCase" name="skipTest3" time="0.001"/>
  <system-out/>
  <testcase classname="Automation.qa.SkipTestCase" name="skipTest1">
    <skipped/>
  </testcase> <!-- skipTest1 -->
  <system-out/>
</testsuite> <!-- Automation.qa.SkipTestCase -->
