<?xml version="1.0" encoding="UTF-8"?>
<!-- Generated by org.testng.reporters.JUnitReportReporter -->
<testsuite hostname="PL-IN-PF4G374T" failures="0" tests="2" name="Automation.qa.login" time="0.012" errors="0" timestamp="2024-05-27T14:35:26 IST" skipped="0">
  <testcase classname="Automation.qa.login" name="a" time="0.010"/>
  <system-out/>
  <testcase classname="Automation.qa.login" name="b" time="0.002"/>
  <system-out/>
</testsuite> <!-- Automation.qa.login -->
