<?xml version="1.0" encoding="UTF-8"?>
<!-- Generated by org.testng.reporters.JUnitReportReporter -->
<testsuite hostname="PL-IN-PF4G374T" failures="0" tests="1" name="Automation.qa.NavedProj" time="11.707" errors="0" timestamp="2024-06-18T12:58:32 IST" skipped="0">
  <testcase classname="Automation.qa.NavedProj" name="chechBox" time="11.707"/>
  <system-out/>
</testsuite> <!-- Automation.qa.NavedProj -->
