<?xml version="1.0" encoding="UTF-8"?>
<!-- Generated by org.testng.reporters.JUnitReportReporter -->
<testsuite hostname="PL-IN-PF4G374T" failures="0" tests="1" name="Automation.qa.annotaion2" time="8.686" errors="0" timestamp="2024-05-27T15:13:49 IST" skipped="0">
  <testcase classname="Automation.qa.annotaion2" name="verify" time="8.686"/>
  <system-out/>
</testsuite> <!-- Automation.qa.annotaion2 -->
