<?xml version="1.0" encoding="UTF-8"?>
<!-- Generated by org.testng.reporters.JUnitReportReporter -->
<testsuite hostname="PL-IN-PF4G374T" failures="0" tests="1" name="Automation.qa.Demo" time="9.458" errors="0" timestamp="2024-05-27T12:07:15 IST" skipped="0">
  <testcase classname="Automation.qa.Demo" name="run" time="9.458"/>
  <system-out/>
</testsuite> <!-- Automation.qa.Demo -->
