<?xml version="1.0" encoding="UTF-8"?>
<!-- Generated by org.testng.reporters.JUnitReportReporter -->
<testsuite hostname="PL-IN-PF4G374T" failures="0" tests="1" name="Automation.qa.verifyTitleandText" time="9.306" errors="0" timestamp="2024-06-11T17:14:05 IST" skipped="0">
  <testcase classname="Automation.qa.verifyTitleandText" name="Verify" time="9.306"/>
  <system-out/>
</testsuite> <!-- Automation.qa.verifyTitleandText -->
